# JRE version: OpenJDK Runtime Environment Temurin-21.0.7+6 (21.0.7+6) (build 21.0.7+6-LTS)
# Java VM: OpenJDK 64-Bit Server VM Temurin-21.0.7+6 (21.0.7+6-LTS, mixed mode, emulated-client, sharing, tiered, compressed oops, compressed class ptrs, g1 gc, windows-amd64)
GC Precious Log:
 CardTable entry size: 512
 Card Set container configuration: InlinePtr #cards 5 size 8 Array Of Cards #cards 12 size 40 Howl #buckets 4 coarsen threshold 1843 Howl Bitmap #cards 512 size 80 coarsen threshold 460 Card regions per heap region 1 cards per card region 2048
 CPUs: 8 total, 8 available
 Memory: 8109M
 Large Page Support: Disabled
 NUMA Support: Disabled
 Compressed Oops: Enabled (32-bit)
 Heap Region Size: 1M
 Heap Min Capacity: 8M
 Heap Initial Capacity: 128M
 Heap Max Capacity: 2028M
 Pre-touch: Disabled
 Parallel Workers: 8
 Concurrent Workers: 2
 Concurrent Refinement Workers: 8
 Periodic GC: Disabled
Heap:
 garbage-first heap   total 98304K, used 86246K [0x0000000081400000, 0x0000000100000000)
  region size 1024K, 56 young (57344K), 3 survivors (3072K)
 Metaspace       used 72576K, committed 73472K, reserved 1114112K
  class space    used 9675K, committed 10048K, reserved 1048576K
GC Heap History (20 events):
Event: 1310.613 GC heap after
{Heap after GC invocations=48 (full 7):
 garbage-first heap   total 98304K, used 33295K [0x0000000081400000, 0x0000000100000000)
  region size 1024K, 3 young (3072K), 3 survivors (3072K)
 Metaspace       used 72226K, committed 73024K, reserved 1114112K
  class space    used 9653K, committed 9984K, reserved 1048576K
}
Event: 1503.434 GC heap before
{Heap before GC invocations=48 (full 7):
 garbage-first heap   total 98304K, used 85519K [0x0000000081400000, 0x0000000100000000)
  region size 1024K, 54 young (55296K), 3 survivors (3072K)
 Metaspace       used 72241K, committed 73024K, reserved 1114112K
  class space    used 9657K, committed 9984K, reserved 1048576K
}
Event: 1503.438 GC heap after
{Heap after GC invocations=49 (full 7):
 garbage-first heap   total 98304K, used 33000K [0x0000000081400000, 0x0000000100000000)
  region size 1024K, 3 young (3072K), 3 survivors (3072K)
 Metaspace       used 72241K, committed 73024K, reserved 1114112K
  class space    used 9657K, committed 9984K, reserved 1048576K
}
Event: 1530.735 GC heap before
{Heap before GC invocations=49 (full 7):
 garbage-first heap   total 98304K, used 82152K [0x0000000081400000, 0x0000000100000000)
  region size 1024K, 53 young (54272K), 3 survivors (3072K)
 Metaspace       used 72550K, committed 73344K, reserved 1114112K
  class space    used 9702K, committed 10048K, reserved 1048576K
}
Event: 1530.872 GC heap after
{Heap after GC invocations=50 (full 8):
 garbage-first heap   total 98304K, used 28234K [0x0000000081400000, 0x0000000100000000)
  region size 1024K, 0 young (0K), 0 survivors (0K)
 Metaspace       used 72326K, committed 73344K, reserved 1114112K
  class space    used 9645K, committed 10048K, reserved 1048576K
}
Event: 1537.635 GC heap before
{Heap before GC invocations=50 (full 8):
 garbage-first heap   total 98304K, used 85578K [0x0000000081400000, 0x0000000100000000)
  region size 1024K, 57 young (58368K), 0 survivors (0K)
 Metaspace       used 72514K, committed 73344K, reserved 1114112K
  class space    used 9663K, committed 10048K, reserved 1048576K
}
Event: 1537.646 GC heap after
{Heap after GC invocations=51 (full 8):
 garbage-first heap   total 98304K, used 32293K [0x0000000081400000, 0x0000000100000000)
  region size 1024K, 4 young (4096K), 4 survivors (4096K)
 Metaspace       used 72514K, committed 73344K, reserved 1114112K
  class space    used 9663K, committed 10048K, reserved 1048576K
}
Event: 1572.691 GC heap before
{Heap before GC invocations=51 (full 8):
 garbage-first heap   total 98304K, used 40485K [0x0000000081400000, 0x0000000100000000)
  region size 1024K, 13 young (13312K), 4 survivors (4096K)
 Metaspace       used 72524K, committed 73344K, reserved 1114112K
  class space    used 9665K, committed 10048K, reserved 1048576K
}
Event: 1572.843 GC heap after
{Heap after GC invocations=52 (full 9):
 garbage-first heap   total 98304K, used 28425K [0x0000000081400000, 0x0000000100000000)
  region size 1024K, 0 young (0K), 0 survivors (0K)
 Metaspace       used 72514K, committed 73344K, reserved 1114112K
  class space    used 9663K, committed 10048K, reserved 1048576K
}
Event: 1584.152 GC heap before
{Heap before GC invocations=52 (full 9):
 garbage-first heap   total 98304K, used 85769K [0x0000000081400000, 0x0000000100000000)
  region size 1024K, 57 young (58368K), 0 survivors (0K)
 Metaspace       used 72676K, committed 73472K, reserved 1114112K
  class space    used 9675K, committed 10048K, reserved 1048576K
}
Event: 1584.163 GC heap after
{Heap after GC invocations=53 (full 9):
 garbage-first heap   total 98304K, used 32222K [0x0000000081400000, 0x0000000100000000)
  region size 1024K, 4 young (4096K), 4 survivors (4096K)
 Metaspace       used 72676K, committed 73472K, reserved 1114112K
  class space    used 9675K, committed 10048K, reserved 1048576K
}
Event: 1784.417 GC heap before
{Heap before GC invocations=53 (full 9):
 garbage-first heap   total 98304K, used 77278K [0x0000000081400000, 0x0000000100000000)
  region size 1024K, 49 young (50176K), 4 survivors (4096K)
 Metaspace       used 72679K, committed 73472K, reserved 1114112K
  class space    used 9676K, committed 10048K, reserved 1048576K
}
Event: 1784.573 GC heap after
{Heap after GC invocations=54 (full 10):
 garbage-first heap   total 98304K, used 28368K [0x0000000081400000, 0x0000000100000000)
  region size 1024K, 0 young (0K), 0 survivors (0K)
 Metaspace       used 72344K, committed 73472K, reserved 1114112K
  class space    used 9652K, committed 10048K, reserved 1048576K
}
Event: 1789.721 GC heap before
{Heap before GC invocations=54 (full 10):
 garbage-first heap   total 98304K, used 84688K [0x0000000081400000, 0x0000000100000000)
  region size 1024K, 56 young (57344K), 0 survivors (0K)
 Metaspace       used 72530K, committed 73472K, reserved 1114112K
  class space    used 9668K, committed 10048K, reserved 1048576K
}
Event: 1789.733 GC heap after
{Heap after GC invocations=55 (full 10):
 garbage-first heap   total 98304K, used 32116K [0x0000000081400000, 0x0000000100000000)
  region size 1024K, 4 young (4096K), 4 survivors (4096K)
 Metaspace       used 72530K, committed 73472K, reserved 1114112K
  class space    used 9668K, committed 10048K, reserved 1048576K
}
Event: 2001.707 GC heap before
{Heap before GC invocations=55 (full 10):
 garbage-first heap   total 98304K, used 80244K [0x0000000081400000, 0x0000000100000000)
  region size 1024K, 52 young (53248K), 4 survivors (4096K)
 Metaspace       used 72544K, committed 73472K, reserved 1114112K
  class space    used 9671K, committed 10048K, reserved 1048576K
}
Event: 2001.855 GC heap after
{Heap after GC invocations=56 (full 11):
 garbage-first heap   total 98304K, used 28291K [0x0000000081400000, 0x0000000100000000)
  region size 1024K, 0 young (0K), 0 survivors (0K)
 Metaspace       used 72531K, committed 73472K, reserved 1114112K
  class space    used 9669K, committed 10048K, reserved 1048576K
}
Event: 2098.877 GC heap before
{Heap before GC invocations=56 (full 11):
 garbage-first heap   total 98304K, used 85635K [0x0000000081400000, 0x0000000100000000)
  region size 1024K, 57 young (58368K), 0 survivors (0K)
 Metaspace       used 72568K, committed 73472K, reserved 1114112K
  class space    used 9674K, committed 10048K, reserved 1048576K
}
Event: 2098.888 GC heap after
{Heap after GC invocations=57 (full 11):
 garbage-first heap   total 98304K, used 31974K [0x0000000081400000, 0x0000000100000000)
  region size 1024K, 4 young (4096K), 4 survivors (4096K)
 Metaspace       used 72568K, committed 73472K, reserved 1114112K
  class space    used 9674K, committed 10048K, reserved 1048576K
}
Event: 2375.779 GC heap before
{Heap before GC invocations=57 (full 11):
 garbage-first heap   total 98304K, used 86246K [0x0000000081400000, 0x0000000100000000)
  region size 1024K, 57 young (58368K), 4 survivors (4096K)
 Metaspace       used 72576K, committed 73472K, reserved 1114112K
  class space    used 9675K, committed 10048K, reserved 1048576K
}

