# JRE version: OpenJDK Runtime Environment Temurin-21.0.7+6 (21.0.7+6) (build 21.0.7+6-LTS)
# Java VM: OpenJDK 64-Bit Server VM Temurin-21.0.7+6 (21.0.7+6-LTS, mixed mode, emulated-client, sharing, tiered, compressed oops, compressed class ptrs, g1 gc, windows-amd64)
GC Precious Log:
 CardTable entry size: 512
 Card Set container configuration: InlinePtr #cards 5 size 8 Array Of Cards #cards 12 size 40 Howl #buckets 4 coarsen threshold 1843 Howl Bitmap #cards 512 size 80 coarsen threshold 460 Card regions per heap region 1 cards per card region 2048
 CPUs: 8 total, 8 available
 Memory: 8109M
 Large Page Support: Disabled
 NUMA Support: Disabled
 Compressed Oops: Enabled (32-bit)
 Heap Region Size: 1M
 Heap Min Capacity: 8M
 Heap Initial Capacity: 128M
 Heap Max Capacity: 2028M
 Pre-touch: Disabled
 Parallel Workers: 8
 Concurrent Workers: 2
 Concurrent Refinement Workers: 8
 Periodic GC: Disabled
Heap:
 garbage-first heap   total 61440K, used 25821K [0x0000000081400000, 0x0000000100000000)
  region size 1024K, 8 young (8192K), 4 survivors (4096K)
 Metaspace       used 53482K, committed 54592K, reserved 1114112K
  class space    used 6998K, committed 7360K, reserved 1048576K
GC Heap History (20 events):
Event: 730.844 GC heap before
{Heap before GC invocations=43 (full 10):
 garbage-first heap   total 61440K, used 51239K [0x0000000081400000, 0x0000000100000000)
  region size 1024K, 30 young (30720K), 0 survivors (0K)
 Metaspace       used 53907K, committed 54528K, reserved 1114112K
  class space    used 7050K, committed 7296K, reserved 1048576K
}
Event: 730.848 GC heap after
{Heap after GC invocations=44 (full 10):
 garbage-first heap   total 61440K, used 23555K [0x0000000081400000, 0x0000000100000000)
  region size 1024K, 3 young (3072K), 3 survivors (3072K)
 Metaspace       used 53907K, committed 54528K, reserved 1114112K
  class space    used 7050K, committed 7296K, reserved 1048576K
}
Event: 765.743 GC heap before
{Heap before GC invocations=44 (full 10):
 garbage-first heap   total 61440K, used 44035K [0x0000000081400000, 0x0000000100000000)
  region size 1024K, 25 young (25600K), 3 survivors (3072K)
 Metaspace       used 53972K, committed 54592K, reserved 1114112K
  class space    used 7055K, committed 7296K, reserved 1048576K
}
Event: 765.889 GC heap after
{Heap after GC invocations=45 (full 11):
 garbage-first heap   total 61440K, used 21997K [0x0000000081400000, 0x0000000100000000)
  region size 1024K, 0 young (0K), 0 survivors (0K)
 Metaspace       used 53963K, committed 54592K, reserved 1114112K
  class space    used 7054K, committed 7296K, reserved 1048576K
}
Event: 766.569 GC heap before
{Heap before GC invocations=45 (full 11):
 garbage-first heap   total 61440K, used 50669K [0x0000000081400000, 0x0000000100000000)
  region size 1024K, 28 young (28672K), 0 survivors (0K)
 Metaspace       used 54024K, committed 54656K, reserved 1114112K
  class space    used 7065K, committed 7296K, reserved 1048576K
}
Event: 766.574 GC heap after
{Heap after GC invocations=46 (full 11):
 garbage-first heap   total 61440K, used 25001K [0x0000000081400000, 0x0000000100000000)
  region size 1024K, 3 young (3072K), 3 survivors (3072K)
 Metaspace       used 54024K, committed 54656K, reserved 1114112K
  class space    used 7065K, committed 7296K, reserved 1048576K
}
Event: 828.242 GC heap before
{Heap before GC invocations=46 (full 11):
 garbage-first heap   total 61440K, used 47529K [0x0000000081400000, 0x0000000100000000)
  region size 1024K, 27 young (27648K), 3 survivors (3072K)
 Metaspace       used 54086K, committed 54784K, reserved 1114112K
  class space    used 7070K, committed 7360K, reserved 1048576K
}
Event: 828.368 GC heap after
{Heap after GC invocations=47 (full 12):
 garbage-first heap   total 61440K, used 21790K [0x0000000081400000, 0x0000000100000000)
  region size 1024K, 0 young (0K), 0 survivors (0K)
 Metaspace       used 54045K, committed 54784K, reserved 1114112K
  class space    used 7060K, committed 7360K, reserved 1048576K
}
Event: 829.332 GC heap before
{Heap before GC invocations=47 (full 12):
 garbage-first heap   total 61440K, used 51486K [0x0000000081400000, 0x0000000100000000)
  region size 1024K, 29 young (29696K), 0 survivors (0K)
 Metaspace       used 54116K, committed 54784K, reserved 1114112K
  class space    used 7076K, committed 7360K, reserved 1048576K
}
Event: 829.336 GC heap after
{Heap after GC invocations=48 (full 12):
 garbage-first heap   total 61440K, used 24783K [0x0000000081400000, 0x0000000100000000)
  region size 1024K, 3 young (3072K), 3 survivors (3072K)
 Metaspace       used 54116K, committed 54784K, reserved 1114112K
  class space    used 7076K, committed 7360K, reserved 1048576K
}
Event: 909.517 GC heap before
{Heap before GC invocations=48 (full 12):
 garbage-first heap   total 61440K, used 48335K [0x0000000081400000, 0x0000000100000000)
  region size 1024K, 28 young (28672K), 3 survivors (3072K)
 Metaspace       used 54184K, committed 54848K, reserved 1114112K
  class space    used 7083K, committed 7360K, reserved 1048576K
}
Event: 909.635 GC heap after
{Heap after GC invocations=49 (full 13):
 garbage-first heap   total 61440K, used 21883K [0x0000000081400000, 0x0000000100000000)
  region size 1024K, 0 young (0K), 0 survivors (0K)
 Metaspace       used 54175K, committed 54848K, reserved 1114112K
  class space    used 7081K, committed 7360K, reserved 1048576K
}
Event: 910.217 GC heap before
{Heap before GC invocations=49 (full 13):
 garbage-first heap   total 61440K, used 50555K [0x0000000081400000, 0x0000000100000000)
  region size 1024K, 28 young (28672K), 0 survivors (0K)
 Metaspace       used 54235K, committed 54912K, reserved 1114112K
  class space    used 7092K, committed 7360K, reserved 1048576K
}
Event: 910.220 GC heap after
{Heap after GC invocations=50 (full 13):
 garbage-first heap   total 61440K, used 24836K [0x0000000081400000, 0x0000000100000000)
  region size 1024K, 3 young (3072K), 3 survivors (3072K)
 Metaspace       used 54235K, committed 54912K, reserved 1114112K
  class space    used 7092K, committed 7360K, reserved 1048576K
}
Event: 1004.948 GC heap before
{Heap before GC invocations=50 (full 13):
 garbage-first heap   total 61440K, used 50436K [0x0000000081400000, 0x0000000100000000)
  region size 1024K, 29 young (29696K), 3 survivors (3072K)
 Metaspace       used 54322K, committed 54976K, reserved 1114112K
  class space    used 7099K, committed 7360K, reserved 1048576K
}
Event: 1004.957 GC heap after
{Heap after GC invocations=51 (full 13):
 garbage-first heap   total 61440K, used 26058K [0x0000000081400000, 0x0000000100000000)
  region size 1024K, 3 young (3072K), 3 survivors (3072K)
 Metaspace       used 54322K, committed 54976K, reserved 1114112K
  class space    used 7099K, committed 7360K, reserved 1048576K
}
Event: 1004.960 GC heap before
{Heap before GC invocations=51 (full 13):
 garbage-first heap   total 61440K, used 26058K [0x0000000081400000, 0x0000000100000000)
  region size 1024K, 4 young (4096K), 3 survivors (3072K)
 Metaspace       used 54322K, committed 54976K, reserved 1114112K
  class space    used 7099K, committed 7360K, reserved 1048576K
}
Event: 1005.075 GC heap after
{Heap after GC invocations=52 (full 14):
 garbage-first heap   total 61440K, used 18851K [0x0000000081400000, 0x0000000100000000)
  region size 1024K, 0 young (0K), 0 survivors (0K)
 Metaspace       used 53316K, committed 54592K, reserved 1114112K
  class space    used 6962K, committed 7360K, reserved 1048576K
}
Event: 1009.282 GC heap before
{Heap before GC invocations=52 (full 14):
 garbage-first heap   total 61440K, used 49571K [0x0000000081400000, 0x0000000100000000)
  region size 1024K, 30 young (30720K), 0 survivors (0K)
 Metaspace       used 53460K, committed 54592K, reserved 1114112K
  class space    used 6995K, committed 7360K, reserved 1048576K
}
Event: 1009.292 GC heap after
{Heap after GC invocations=53 (full 14):
 garbage-first heap   total 61440K, used 22749K [0x0000000081400000, 0x0000000100000000)
  region size 1024K, 4 young (4096K), 4 survivors (4096K)
 Metaspace       used 53460K, committed 54592K, reserved 1114112K
  class space    used 6995K, committed 7360K, reserved 1048576K
}

